Determining if the pthread_create exist failed with the following output:
Change Dir: /root/workspace/Belt_Grinder/build/CMakeFiles/CMakeTmp

Run Build Command:/usr/bin/make "cmTryCompileExec2553092455/fast"
/usr/bin/make -f CMakeFiles/cmTryCompileExec2553092455.dir/build.make CMakeFiles/cmTryCompileExec2553092455.dir/build
make[1]: Entering directory `/root/workspace/Belt_Grinder/build/CMakeFiles/CMakeTmp'
/usr/bin/cmake -E cmake_progress_report /root/workspace/Belt_Grinder/build/CMakeFiles/CMakeTmp/CMakeFiles 1
Building C object CMakeFiles/cmTryCompileExec2553092455.dir/CheckSymbolExists.c.o
/usr/bin/cc    -o CMakeFiles/cmTryCompileExec2553092455.dir/CheckSymbolExists.c.o   -c /root/workspace/Belt_Grinder/build/CMakeFiles/CMakeTmp/CheckSymbolExists.c
Linking C executable cmTryCompileExec2553092455
/usr/bin/cmake -E cmake_link_script CMakeFiles/cmTryCompileExec2553092455.dir/link.txt --verbose=1
/usr/bin/cc       CMakeFiles/cmTryCompileExec2553092455.dir/CheckSymbolExists.c.o  -o cmTryCompileExec2553092455 -rdynamic 
CMakeFiles/cmTryCompileExec2553092455.dir/CheckSymbolExists.c.o: In function `main':
CheckSymbolExists.c:(.text+0x16): undefined reference to `pthread_create'
collect2: error: ld returned 1 exit status
make[1]: *** [cmTryCompileExec2553092455] Error 1
make[1]: Leaving directory `/root/workspace/Belt_Grinder/build/CMakeFiles/CMakeTmp'
make: *** [cmTryCompileExec2553092455/fast] Error 2

File /root/workspace/Belt_Grinder/build/CMakeFiles/CMakeTmp/CheckSymbolExists.c:
/* */
#include <pthread.h>

int main(int argc, char** argv)
{
  (void)argv;
#ifndef pthread_create
  return ((int*)(&pthread_create))[argc];
#else
  (void)argc;
  return 0;
#endif
}

Determining if the function pthread_create exists in the pthreads failed with the following output:
Change Dir: /root/workspace/Belt_Grinder/build/CMakeFiles/CMakeTmp

Run Build Command:/usr/bin/make "cmTryCompileExec2857384766/fast"
/usr/bin/make -f CMakeFiles/cmTryCompileExec2857384766.dir/build.make CMakeFiles/cmTryCompileExec2857384766.dir/build
make[1]: Entering directory `/root/workspace/Belt_Grinder/build/CMakeFiles/CMakeTmp'
/usr/bin/cmake -E cmake_progress_report /root/workspace/Belt_Grinder/build/CMakeFiles/CMakeTmp/CMakeFiles 1
Building C object CMakeFiles/cmTryCompileExec2857384766.dir/CheckFunctionExists.c.o
/usr/bin/cc   -DCHECK_FUNCTION_EXISTS=pthread_create   -o CMakeFiles/cmTryCompileExec2857384766.dir/CheckFunctionExists.c.o   -c /usr/share/cmake-2.8/Modules/CheckFunctionExists.c
Linking C executable cmTryCompileExec2857384766
/usr/bin/cmake -E cmake_link_script CMakeFiles/cmTryCompileExec2857384766.dir/link.txt --verbose=1
/usr/bin/cc   -DCHECK_FUNCTION_EXISTS=pthread_create    CMakeFiles/cmTryCompileExec2857384766.dir/CheckFunctionExists.c.o  -o cmTryCompileExec2857384766 -rdynamic -lpthreads 
/usr/bin/ld: cannot find -lpthreads
collect2: error: ld returned 1 exit status
make[1]: *** [cmTryCompileExec2857384766] Error 1
make[1]: Leaving directory `/root/workspace/Belt_Grinder/build/CMakeFiles/CMakeTmp'
make: *** [cmTryCompileExec2857384766/fast] Error 2


